  test_vector.cpp
gtestd.lib(gtest-all.obj) : error LNK2038: обнаружено несоответствие для "_MSC_VER": значение "1800" не соответствует значению "1900" в test_vector.obj
gtestd.lib(gtest-all.obj) : error LNK2038: обнаружено несоответствие для "RuntimeLibrary": значение "MTd_StaticDebug" не соответствует значению "MDd_DynamicDebug" в test_vector.obj
libcpmtd.lib(xlocale.obj) : error LNK2038: обнаружено несоответствие для "RuntimeLibrary": значение "MTd_StaticDebug" не соответствует значению "MDd_DynamicDebug" в test_vector.obj
libcpmtd.lib(ios.obj) : error LNK2038: обнаружено несоответствие для "RuntimeLibrary": значение "MTd_StaticDebug" не соответствует значению "MDd_DynamicDebug" в test_vector.obj
libcpmtd.lib(ios.obj) : error LNK2005: "public: static void __cdecl std::ios_base::_Addstd(class std::ios_base *)" (?_Addstd@ios_base@std@@SAXPAV12@@Z) уже определен в msvcprtd.lib(MSVCP140D.dll)
libcpmtd.lib(ios.obj) : error LNK2005: "private: static void __cdecl std::ios_base::_Ios_base_dtor(class std::ios_base *)" (?_Ios_base_dtor@ios_base@std@@CAXPAV12@@Z) уже определен в msvcprtd.lib(MSVCP140D.dll)
libcpmtd.lib(locale0.obj) : error LNK2038: обнаружено несоответствие для "RuntimeLibrary": значение "MTd_StaticDebug" не соответствует значению "MDd_DynamicDebug" в test_vector.obj
libcpmtd.lib(locale0.obj) : error LNK2005: "void __cdecl std::_Facet_Register(class std::_Facet_base *)" (?_Facet_Register@std@@YAXPAV_Facet_base@1@@Z) уже определен в msvcprtd.lib(locale0_implib.obj)
libcpmtd.lib(locale0.obj) : error LNK2005: "private: static class std::locale::_Locimp * __cdecl std::locale::_Getgloballocale(void)" (?_Getgloballocale@locale@std@@CAPAV_Locimp@12@XZ) уже определен в msvcprtd.lib(MSVCP140D.dll)
libcpmtd.lib(locale0.obj) : error LNK2005: "private: static class std::locale::_Locimp * __cdecl std::locale::_Init(bool)" (?_Init@locale@std@@CAPAV_Locimp@12@_N@Z) уже определен в msvcprtd.lib(MSVCP140D.dll)
libcpmtd.lib(locale0.obj) : error LNK2005: "public: static void __cdecl std::_Locinfo::_Locinfo_ctor(class std::_Locinfo *,char const *)" (?_Locinfo_ctor@_Locinfo@std@@SAXPAV12@PBD@Z) уже определен в msvcprtd.lib(MSVCP140D.dll)
libcpmtd.lib(locale0.obj) : error LNK2005: "public: static void __cdecl std::_Locinfo::_Locinfo_dtor(class std::_Locinfo *)" (?_Locinfo_dtor@_Locinfo@std@@SAXPAV12@@Z) уже определен в msvcprtd.lib(MSVCP140D.dll)
libcpmtd.lib(cerr.obj) : error LNK2038: обнаружено несоответствие для "RuntimeLibrary": значение "MTd_StaticDebug" не соответствует значению "MDd_DynamicDebug" в test_vector.obj
libcpmtd.lib(xdateord.obj) : error LNK2038: обнаружено несоответствие для "RuntimeLibrary": значение "MTd_StaticDebug" не соответствует значению "MDd_DynamicDebug" в test_vector.obj
libcpmtd.lib(locale.obj) : error LNK2038: обнаружено несоответствие для "RuntimeLibrary": значение "MTd_StaticDebug" не соответствует значению "MDd_DynamicDebug" в test_vector.obj
libcpmtd.lib(nothrow.obj) : error LNK2038: обнаружено несоответствие для "RuntimeLibrary": значение "MTd_StaticDebug" не соответствует значению "MDd_DynamicDebug" в test_vector.obj
libcpmtd.lib(iosptrs.obj) : error LNK2038: обнаружено несоответствие для "RuntimeLibrary": значение "MTd_StaticDebug" не соответствует значению "MDd_DynamicDebug" в test_vector.obj
libcpmtd.lib(xlock.obj) : error LNK2038: обнаружено несоответствие для "RuntimeLibrary": значение "MTd_StaticDebug" не соответствует значению "MDd_DynamicDebug" в test_vector.obj
libcpmtd.lib(xlock.obj) : error LNK2005: "public: __thiscall std::_Lockit::_Lockit(int)" (??0_Lockit@std@@QAE@H@Z) уже определен в msvcprtd.lib(MSVCP140D.dll)
libcpmtd.lib(xlock.obj) : error LNK2005: "public: __thiscall std::_Lockit::~_Lockit(void)" (??1_Lockit@std@@QAE@XZ) уже определен в msvcprtd.lib(MSVCP140D.dll)
libcpmtd.lib(StlCompareStringA.obj) : error LNK2038: обнаружено несоответствие для "RuntimeLibrary": значение "MTd_StaticDebug" не соответствует значению "MDd_DynamicDebug" в test_vector.obj
libcpmtd.lib(winapinls.obj) : error LNK2038: обнаружено несоответствие для "RuntimeLibrary": значение "MTd_StaticDebug" не соответствует значению "MDd_DynamicDebug" в test_vector.obj
libcpmtd.lib(StlLCMapStringA.obj) : error LNK2038: обнаружено несоответствие для "RuntimeLibrary": значение "MTd_StaticDebug" не соответствует значению "MDd_DynamicDebug" в test_vector.obj
libcpmtd.lib(xthrow.obj) : error LNK2038: обнаружено несоответствие для "RuntimeLibrary": значение "MTd_StaticDebug" не соответствует значению "MDd_DynamicDebug" в test_vector.obj
libcpmtd.lib(xthrow.obj) : error LNK2005: "void __cdecl std::_Xbad_alloc(void)" (?_Xbad_alloc@std@@YAXXZ) уже определен в msvcprtd.lib(MSVCP140D.dll)
libcpmtd.lib(xthrow.obj) : error LNK2005: "void __cdecl std::_Xlength_error(char const *)" (?_Xlength_error@std@@YAXPBD@Z) уже определен в msvcprtd.lib(MSVCP140D.dll)
libcpmtd.lib(xthrow.obj) : error LNK2005: "void __cdecl std::_Xout_of_range(char const *)" (?_Xout_of_range@std@@YAXPBD@Z) уже определен в msvcprtd.lib(MSVCP140D.dll)
libcpmtd.lib(wlocale.obj) : error LNK2038: обнаружено несоответствие для "RuntimeLibrary": значение "MTd_StaticDebug" не соответствует значению "MDd_DynamicDebug" в test_vector.obj
libcpmtd.lib(winapisupp.obj) : error LNK2038: обнаружено несоответствие для "RuntimeLibrary": значение "MTd_StaticDebug" не соответствует значению "MDd_DynamicDebug" в test_vector.obj
libcpmtd.lib(xwctomb.obj) : error LNK2005: __Getcvt уже определен в msvcprtd.lib(MSVCP140D.dll)
libcpmtd.lib(StlCompareStringW.obj) : error LNK2038: обнаружено несоответствие для "RuntimeLibrary": значение "MTd_StaticDebug" не соответствует значению "MDd_DynamicDebug" в test_vector.obj
libcpmtd.lib(StlLCMapStringW.obj) : error LNK2038: обнаружено несоответствие для "RuntimeLibrary": значение "MTd_StaticDebug" не соответствует значению "MDd_DynamicDebug" в test_vector.obj
LINK : warning LNK4098: библиотека по умолчанию "LIBCMTD" противоречит использованию других библиотек; используйте параметр /NODEFAULTLIB:library
gtestd.lib(gtest-all.obj) : error LNK2019: ссылка на неразрешенный внешний символ ___iob_func в функции "public: __thiscall testing::internal::XmlUnitTestResultPrinter::XmlUnitTestResultPrinter(char const *)" (??0XmlUnitTestResultPrinter@internal@testing@@QAE@PBD@Z)
gtestd.lib(gtest-all.obj) : error LNK2019: ссылка на неразрешенный внешний символ _fprintf в функции "public: __thiscall testing::internal::XmlUnitTestResultPrinter::XmlUnitTestResultPrinter(char const *)" (??0XmlUnitTestResultPrinter@internal@testing@@QAE@PBD@Z)
gtestd.lib(gtest-all.obj) : error LNK2019: ссылка на неразрешенный внешний символ _printf в функции "public: void __thiscall testing::internal::UnitTestImpl::ConfigureXmlOutput(void)" (?ConfigureXmlOutput@UnitTestImpl@internal@testing@@QAEXXZ)
gtestd.lib(gtest-all.obj) : error LNK2019: ссылка на неразрешенный внешний символ __snprintf_s в функции "void __cdecl testing::`anonymous namespace'::PrintByteSegmentInObjectTo(unsigned char const *,unsigned int,unsigned int,class std::basic_ostream<char,struct std::char_traits<char> > *)" (?PrintByteSegmentInObjectTo@?A0x5f8bacf4@testing@@YAXPBEIIPAV?$basic_ostream@DU?$char_traits@D@std@@@std@@@Z)
gtestd.lib(gtest-all.obj) : error LNK2019: ссылка на неразрешенный внешний символ _vprintf в функции "void __cdecl testing::internal::ColoredPrintf(enum testing::internal::GTestColor,char const *,...)" (?ColoredPrintf@internal@testing@@YAXW4GTestColor@12@PBDZZ)
gtestd.lib(gtest-all.obj) : error LNK2019: ссылка на неразрешенный внешний символ "public: __thiscall std::exception::exception(char const * const &)" (??0exception@std@@QAE@ABQBD@Z) в функции "public: __thiscall std::runtime_error::runtime_error(class std::basic_string<char,struct std::char_traits<char>,class std::allocator<char> > const &)" (??0runtime_error@std@@QAE@ABV?$basic_string@DU?$char_traits@D@std@@V?$allocator@D@2@@1@@Z)
gtestd.lib(gtest-all.obj) : error LNK2019: ссылка на неразрешенный внешний символ "public: __thiscall std::bad_cast::bad_cast(char const *)" (??0bad_cast@std@@QAE@PBD@Z) в функции "class std::ctype<char> const & __cdecl std::use_facet<class std::ctype<char> >(class std::locale const &)" (??$use_facet@V?$ctype@D@std@@@std@@YAABV?$ctype@D@0@ABVlocale@0@@Z)
gtestd.lib(gtest-all.obj) : error LNK2019: ссылка на неразрешенный внешний символ "void * __cdecl operator new(unsigned int,struct std::_DebugHeapTag_t const &,char *,int)" (??2@YAPAXIABU_DebugHeapTag_t@std@@PADH@Z) в функции "protected: __thiscall std::basic_streambuf<char,struct std::char_traits<char> >::basic_streambuf<char,struct std::char_traits<char> >(void)" (??0?$basic_streambuf@DU?$char_traits@D@std@@@std@@IAE@XZ)
gtestd.lib(gtest-all.obj) : error LNK2019: ссылка на неразрешенный внешний символ "void * __cdecl operator new[](unsigned int,struct std::_DebugHeapTag_t const &,char *,int)" (??_U@YAPAXIABU_DebugHeapTag_t@std@@PADH@Z) в функции "char * __cdecl std::_Maklocstr<char>(char const *,char *,struct _Cvtvec const &)" (??$_Maklocstr@D@std@@YAPADPBDPADABU_Cvtvec@@@Z)
gtestd.lib(gtest-all.obj) : error LNK2019: ссылка на неразрешенный внешний символ "struct std::_DebugHeapTag_t const & __cdecl std::_DebugHeapTag_func(void)" (?_DebugHeapTag_func@std@@YAABU_DebugHeapTag_t@1@XZ) в функции "char * __cdecl std::_Maklocstr<char>(char const *,char *,struct _Cvtvec const &)" (??$_Maklocstr@D@std@@YAPADPBDPADABU_Cvtvec@@@Z)
gtestd.lib(gtest-all.obj) : error LNK2019: ссылка на неразрешенный внешний символ "char const * __cdecl std::_Winerror_map(int)" (?_Winerror_map@std@@YAPBDH@Z) в функции "public: virtual class std::basic_string<char,struct std::char_traits<char>,class std::allocator<char> > __thiscall std::_System_error_category::message(int)const " (?message@_System_error_category@std@@UBE?AV?$basic_string@DU?$char_traits@D@std@@V?$allocator@D@2@@2@H@Z)
C:\Users\ORLAN\documents\visual studio 2015\Projects\BigProgv1\Debug\BigProgv1.exe : fatal error LNK1120: неразрешенных внешних элементов: 11
